c:\src\socketio\socketio\release\socketio.pch
c:\src\socketio\socketio\release\vc140.pdb
c:\src\socketio\socketio\release\stdafx.obj
c:\src\socketio\socketio\release\.netframework,version=v4.5.2.assemblyattributes.obj
c:\src\socketio\socketio\release\.netframework,version=v4.5.2.assemblyattributes.asm
c:\src\socketio\socketio\release\socketio.obj
c:\src\socketio\socketio\release\assemblyinfo.obj
c:\src\socketio\socketio\release\app.res
c:\src\socketio\socketio\release\socketio.vcxprojresolveassemblyreference.cache
c:\src\socketio\release\socketio.pdb
c:\src\socketio\socketio\release\socketio.tlog\cl.command.1.tlog
c:\src\socketio\socketio\release\socketio.tlog\cl.read.1.tlog
c:\src\socketio\socketio\release\socketio.tlog\cl.write.1.tlog
c:\src\socketio\socketio\release\socketio.tlog\link-cvtres.read.1.tlog
c:\src\socketio\socketio\release\socketio.tlog\link-cvtres.write.1.tlog
c:\src\socketio\socketio\release\socketio.tlog\link-rc.read.1.tlog
c:\src\socketio\socketio\release\socketio.tlog\link-rc.write.1.tlog
c:\src\socketio\socketio\release\socketio.tlog\link.command.1.tlog
c:\src\socketio\socketio\release\socketio.tlog\link.read.1.tlog
c:\src\socketio\socketio\release\socketio.tlog\link.write.1.tlog
c:\src\socketio\socketio\release\socketio.tlog\metagen.read.1.tlog
c:\src\socketio\socketio\release\socketio.tlog\metagen.write.1.tlog
c:\src\socketio\socketio\release\socketio.tlog\rc.command.1.tlog
c:\src\socketio\socketio\release\socketio.tlog\rc.read.1.tlog
c:\src\socketio\socketio\release\socketio.tlog\rc.write.1.tlog
c:\src\socketio\socketio\release\socketio.tlog\tzres.dll.bi
